2019-03-09 13:18:23 INFO  Main:14 - Démarrage du jeu
2019-03-09 13:18:23 DEBUG Parametre:36 - NbPionsCombinaison = 4
2019-03-09 13:18:23 DEBUG Parametre:36 - NbEssais = 10
2019-03-09 13:18:23 DEBUG Parametre:36 - NbCouleursUtilisables = 6
2019-03-09 13:18:23 DEBUG Parametre:36 - ModeDeveloppeur = 1
2019-03-09 13:32:37 INFO  Main:14 - Démarrage du jeu
2019-03-09 13:32:38 DEBUG Parametre:36 - NbPionsCombinaison = 4
2019-03-09 13:32:38 DEBUG Parametre:36 - NbEssais = 10
2019-03-09 13:32:38 DEBUG Parametre:36 - NbCouleursUtilisables = 6
2019-03-09 13:32:38 DEBUG Parametre:36 - ModeDeveloppeur = 1
2019-03-09 13:38:08 INFO  Main:14 - Démarrage du jeu
2019-03-09 13:38:08 DEBUG Parametre:36 - NbPionsCombinaison = 4
2019-03-09 13:38:08 DEBUG Parametre:36 - NbEssais = 10
2019-03-09 13:38:08 DEBUG Parametre:36 - NbCouleursUtilisables = 6
2019-03-09 13:38:08 DEBUG Parametre:36 - ModeDeveloppeur = 1
2019-03-09 13:40:38 INFO  Main:14 - Démarrage du jeu
2019-03-09 13:40:38 DEBUG Parametre:36 - NbPionsCombinaison = 4
2019-03-09 13:40:38 DEBUG Parametre:36 - NbEssais = 10
2019-03-09 13:40:38 DEBUG Parametre:36 - NbCouleursUtilisables = 6
2019-03-09 13:40:38 DEBUG Parametre:36 - ModeDeveloppeur = 1
2019-03-09 13:40:58 INFO  Main:14 - Démarrage du jeu
2019-03-09 13:40:58 DEBUG Parametre:36 - NbPionsCombinaison = 4
2019-03-09 13:40:58 DEBUG Parametre:36 - NbEssais = 10
2019-03-09 13:40:58 DEBUG Parametre:36 - NbCouleursUtilisables = 6
2019-03-09 13:40:58 DEBUG Parametre:36 - ModeDeveloppeur = 1
2019-03-09 14:05:26 INFO  Main:14 - Démarrage du jeu
2019-03-09 14:05:26 DEBUG Parametre:36 - NbPionsCombinaison = 4
2019-03-09 14:05:26 DEBUG Parametre:36 - NbEssais = 10
2019-03-09 14:05:26 DEBUG Parametre:36 - NbCouleursUtilisables = 6
2019-03-09 14:05:26 DEBUG Parametre:36 - ModeDeveloppeur = 1
2019-03-09 14:06:35 INFO  Main:14 - Démarrage du jeu
2019-03-09 14:06:35 DEBUG Parametre:36 - NbPionsCombinaison = 4
2019-03-09 14:06:35 DEBUG Parametre:36 - NbEssais = 10
2019-03-09 14:06:35 DEBUG Parametre:36 - NbCouleursUtilisables = 6
2019-03-09 14:06:35 DEBUG Parametre:36 - ModeDeveloppeur = 1
2019-03-09 14:11:30 INFO  Main:14 - Démarrage du jeu
2019-03-09 14:11:31 DEBUG Parametre:36 - NbPionsCombinaison = 4
2019-03-09 14:11:31 DEBUG Parametre:36 - NbEssais = 10
2019-03-09 14:11:31 DEBUG Parametre:36 - NbCouleursUtilisables = 6
2019-03-09 14:11:31 DEBUG Parametre:36 - ModeDeveloppeur = 1
2019-03-09 15:04:13 INFO  Main:14 - Démarrage du jeu
2019-03-09 15:04:13 DEBUG Parametre:36 - NbPionsCombinaison = 4
2019-03-09 15:04:13 DEBUG Parametre:36 - NbEssais = 10
2019-03-09 15:04:13 DEBUG Parametre:36 - NbCouleursUtilisables = 6
2019-03-09 15:04:13 DEBUG Parametre:36 - ModeDeveloppeur = 1
2019-03-09 15:14:33 INFO  Main:14 - Démarrage du jeu
2019-03-09 15:14:33 DEBUG Parametre:36 - NbPionsCombinaison = 4
2019-03-09 15:14:33 DEBUG Parametre:36 - NbEssais = 10
2019-03-09 15:14:33 DEBUG Parametre:36 - NbCouleursUtilisables = 6
2019-03-09 15:14:33 DEBUG Parametre:36 - ModeDeveloppeur = 1
2019-03-09 15:20:36 INFO  Main:14 - Démarrage du jeu
2019-03-09 15:20:36 DEBUG Parametre:36 - NbPionsCombinaison = 4
2019-03-09 15:20:36 DEBUG Parametre:36 - NbEssais = 10
2019-03-09 15:20:36 DEBUG Parametre:36 - NbCouleursUtilisables = 6
2019-03-09 15:20:36 DEBUG Parametre:36 - ModeDeveloppeur = 1
2019-03-09 15:30:07 INFO  Main:14 - Démarrage du jeu
2019-03-09 15:30:08 DEBUG Parametre:36 - NbPionsCombinaison = 4
2019-03-09 15:30:08 DEBUG Parametre:36 - NbEssais = 10
2019-03-09 15:30:08 DEBUG Parametre:36 - NbCouleursUtilisables = 6
2019-03-09 15:30:08 DEBUG Parametre:36 - ModeDeveloppeur = 1
2019-03-09 15:38:53 INFO  Main:14 - Démarrage du jeu
2019-03-09 15:38:53 DEBUG Parametre:36 - NbPionsCombinaison = 4
2019-03-09 15:38:53 DEBUG Parametre:36 - NbEssais = 10
2019-03-09 15:38:53 DEBUG Parametre:36 - NbCouleursUtilisables = 6
2019-03-09 15:38:53 DEBUG Parametre:36 - ModeDeveloppeur = 1
2019-03-09 15:42:08 INFO  Main:14 - Démarrage du jeu
2019-03-09 15:42:08 DEBUG Parametre:36 - NbPionsCombinaison = 4
2019-03-09 15:42:08 DEBUG Parametre:36 - NbEssais = 10
2019-03-09 15:42:08 DEBUG Parametre:36 - NbCouleursUtilisables = 6
2019-03-09 15:42:08 DEBUG Parametre:36 - ModeDeveloppeur = 1
2019-03-09 16:04:44 INFO  Main:14 - Démarrage du jeu
2019-03-09 16:04:44 DEBUG Parametre:36 - NbPionsCombinaison = 4
2019-03-09 16:04:44 DEBUG Parametre:36 - NbEssais = 10
2019-03-09 16:04:44 DEBUG Parametre:36 - NbCouleursUtilisables = 6
2019-03-09 16:04:44 DEBUG Parametre:36 - ModeDeveloppeur = 1
2019-03-09 16:29:04 INFO  Main:14 - Démarrage du jeu
2019-03-09 16:29:04 DEBUG Parametre:36 - NbPionsCombinaison = 4
2019-03-09 16:29:04 DEBUG Parametre:36 - NbEssais = 10
2019-03-09 16:29:04 DEBUG Parametre:36 - NbCouleursUtilisables = 6
2019-03-09 16:29:04 DEBUG Parametre:36 - ModeDeveloppeur = 1
2019-03-09 16:30:42 INFO  Main:14 - Démarrage du jeu
2019-03-09 16:30:42 DEBUG Parametre:36 - NbPionsCombinaison = 4
2019-03-09 16:30:42 DEBUG Parametre:36 - NbEssais = 10
2019-03-09 16:30:42 DEBUG Parametre:36 - NbCouleursUtilisables = 6
2019-03-09 16:30:42 DEBUG Parametre:36 - ModeDeveloppeur = 1
2019-03-09 16:32:00 INFO  Main:14 - Démarrage du jeu
2019-03-09 16:32:00 DEBUG Parametre:36 - NbPionsCombinaison = 4
2019-03-09 16:32:00 DEBUG Parametre:36 - NbEssais = 10
2019-03-09 16:32:00 DEBUG Parametre:36 - NbCouleursUtilisables = 6
2019-03-09 16:32:00 DEBUG Parametre:36 - ModeDeveloppeur = 1
2019-03-09 16:32:44 INFO  Main:14 - Démarrage du jeu
2019-03-09 16:32:44 DEBUG Parametre:36 - NbPionsCombinaison = 4
2019-03-09 16:32:44 DEBUG Parametre:36 - NbEssais = 10
2019-03-09 16:32:44 DEBUG Parametre:36 - NbCouleursUtilisables = 6
2019-03-09 16:32:44 DEBUG Parametre:36 - ModeDeveloppeur = 1
2019-03-09 16:33:21 INFO  Main:14 - Démarrage du jeu
2019-03-09 16:33:21 DEBUG Parametre:36 - NbPionsCombinaison = 4
2019-03-09 16:33:21 DEBUG Parametre:36 - NbEssais = 10
2019-03-09 16:33:21 DEBUG Parametre:36 - NbCouleursUtilisables = 6
2019-03-09 16:33:21 DEBUG Parametre:36 - ModeDeveloppeur = 1
2019-03-09 16:33:54 INFO  Main:14 - Démarrage du jeu
2019-03-09 16:33:54 DEBUG Parametre:36 - NbPionsCombinaison = 4
2019-03-09 16:33:54 DEBUG Parametre:36 - NbEssais = 10
2019-03-09 16:33:54 DEBUG Parametre:36 - NbCouleursUtilisables = 6
2019-03-09 16:33:54 DEBUG Parametre:36 - ModeDeveloppeur = 1
2019-03-09 16:40:42 INFO  Main:14 - Démarrage du jeu
2019-03-09 16:40:42 DEBUG Parametre:36 - NbPionsCombinaison = 4
2019-03-09 16:40:42 DEBUG Parametre:36 - NbEssais = 10
2019-03-09 16:40:42 DEBUG Parametre:36 - NbCouleursUtilisables = 6
2019-03-09 16:40:42 DEBUG Parametre:36 - ModeDeveloppeur = 1
2019-03-09 16:42:30 INFO  Main:14 - Démarrage du jeu
2019-03-09 16:42:30 DEBUG Parametre:36 - NbPionsCombinaison = 4
2019-03-09 16:42:30 DEBUG Parametre:36 - NbEssais = 10
2019-03-09 16:42:30 DEBUG Parametre:36 - NbCouleursUtilisables = 6
2019-03-09 16:42:30 DEBUG Parametre:36 - ModeDeveloppeur = 1
2019-03-09 16:44:01 INFO  Main:14 - Démarrage du jeu
2019-03-09 16:44:01 DEBUG Parametre:36 - NbPionsCombinaison = 4
2019-03-09 16:44:01 DEBUG Parametre:36 - NbEssais = 10
2019-03-09 16:44:01 DEBUG Parametre:36 - NbCouleursUtilisables = 6
2019-03-09 16:44:01 DEBUG Parametre:36 - ModeDeveloppeur = 1
2019-03-09 16:45:04 INFO  Main:14 - Démarrage du jeu
2019-03-09 16:45:04 DEBUG Parametre:36 - NbPionsCombinaison = 4
2019-03-09 16:45:04 DEBUG Parametre:36 - NbEssais = 10
2019-03-09 16:45:04 DEBUG Parametre:36 - NbCouleursUtilisables = 6
2019-03-09 16:45:04 DEBUG Parametre:36 - ModeDeveloppeur = 1
2019-03-09 16:49:26 INFO  Main:14 - Démarrage du jeu
2019-03-09 16:49:26 DEBUG Parametre:36 - NbPionsCombinaison = 4
2019-03-09 16:49:26 DEBUG Parametre:36 - NbEssais = 10
2019-03-09 16:49:26 DEBUG Parametre:36 - NbCouleursUtilisables = 6
2019-03-09 16:49:26 DEBUG Parametre:36 - ModeDeveloppeur = 1
2019-03-09 16:49:49 INFO  Main:14 - Démarrage du jeu
2019-03-09 16:49:49 DEBUG Parametre:36 - NbPionsCombinaison = 4
2019-03-09 16:49:49 DEBUG Parametre:36 - NbEssais = 10
2019-03-09 16:49:49 DEBUG Parametre:36 - NbCouleursUtilisables = 6
2019-03-09 16:49:49 DEBUG Parametre:36 - ModeDeveloppeur = 1
2019-03-09 16:50:21 INFO  Main:14 - Démarrage du jeu
2019-03-09 16:50:21 DEBUG Parametre:36 - NbPionsCombinaison = 4
2019-03-09 16:50:21 DEBUG Parametre:36 - NbEssais = 10
2019-03-09 16:50:21 DEBUG Parametre:36 - NbCouleursUtilisables = 6
2019-03-09 16:50:21 DEBUG Parametre:36 - ModeDeveloppeur = 1
2019-03-09 16:52:01 INFO  Main:14 - Démarrage du jeu
2019-03-09 16:52:01 DEBUG Parametre:36 - NbPionsCombinaison = 4
2019-03-09 16:52:01 DEBUG Parametre:36 - NbEssais = 10
2019-03-09 16:52:01 DEBUG Parametre:36 - NbCouleursUtilisables = 6
2019-03-09 16:52:01 DEBUG Parametre:36 - ModeDeveloppeur = 1
2019-03-09 16:54:43 INFO  Main:14 - Démarrage du jeu
2019-03-09 16:54:43 DEBUG Parametre:36 - NbPionsCombinaison = 4
2019-03-09 16:54:43 DEBUG Parametre:36 - NbEssais = 10
2019-03-09 16:54:43 DEBUG Parametre:36 - NbCouleursUtilisables = 6
2019-03-09 16:54:43 DEBUG Parametre:36 - ModeDeveloppeur = 1
2019-03-09 17:02:04 INFO  Main:14 - Démarrage du jeu
2019-03-09 17:02:05 DEBUG Parametre:36 - NbPionsCombinaison = 4
2019-03-09 17:02:05 DEBUG Parametre:36 - NbEssais = 10
2019-03-09 17:02:05 DEBUG Parametre:36 - NbCouleursUtilisables = 6
2019-03-09 17:02:05 DEBUG Parametre:36 - ModeDeveloppeur = 1
2019-03-09 17:17:18 INFO  Main:14 - Démarrage du jeu
2019-03-09 17:17:18 DEBUG Parametre:36 - NbPionsCombinaison = 4
2019-03-09 17:17:18 DEBUG Parametre:36 - NbEssais = 10
2019-03-09 17:17:18 DEBUG Parametre:36 - NbCouleursUtilisables = 6
2019-03-09 17:17:18 DEBUG Parametre:36 - ModeDeveloppeur = 1
2019-03-09 17:19:16 INFO  Main:14 - Démarrage du jeu
2019-03-09 17:19:16 DEBUG Parametre:36 - NbPionsCombinaison = 4
2019-03-09 17:19:16 DEBUG Parametre:36 - NbEssais = 10
2019-03-09 17:19:16 DEBUG Parametre:36 - NbCouleursUtilisables = 6
2019-03-09 17:19:16 DEBUG Parametre:36 - ModeDeveloppeur = 1
2019-03-09 17:26:59 INFO  Main:14 - Démarrage du jeu
2019-03-09 17:26:59 DEBUG Parametre:36 - NbPionsCombinaison = 4
2019-03-09 17:26:59 DEBUG Parametre:36 - NbEssais = 10
2019-03-09 17:26:59 DEBUG Parametre:36 - NbCouleursUtilisables = 6
2019-03-09 17:26:59 DEBUG Parametre:36 - ModeDeveloppeur = 1
2019-03-09 17:33:14 INFO  Main:14 - Démarrage du jeu
2019-03-09 17:33:14 DEBUG Parametre:36 - NbPionsCombinaison = 4
2019-03-09 17:33:14 DEBUG Parametre:36 - NbEssais = 10
2019-03-09 17:33:14 DEBUG Parametre:36 - NbCouleursUtilisables = 6
2019-03-09 17:33:14 DEBUG Parametre:36 - ModeDeveloppeur = 1
2019-03-09 17:35:30 INFO  Main:14 - Démarrage du jeu
2019-03-09 17:35:30 DEBUG Parametre:36 - NbPionsCombinaison = 4
2019-03-09 17:35:30 DEBUG Parametre:36 - NbEssais = 10
2019-03-09 17:35:30 DEBUG Parametre:36 - NbCouleursUtilisables = 6
2019-03-09 17:35:30 DEBUG Parametre:36 - ModeDeveloppeur = 1
2019-03-09 17:37:29 INFO  Main:14 - Démarrage du jeu
2019-03-09 17:37:29 DEBUG Parametre:36 - NbPionsCombinaison = 4
2019-03-09 17:37:29 DEBUG Parametre:36 - NbEssais = 10
2019-03-09 17:37:29 DEBUG Parametre:36 - NbCouleursUtilisables = 6
2019-03-09 17:37:29 DEBUG Parametre:36 - ModeDeveloppeur = 1
2019-03-09 17:38:21 INFO  Main:14 - Démarrage du jeu
2019-03-09 17:38:22 DEBUG Parametre:36 - NbPionsCombinaison = 4
2019-03-09 17:38:22 DEBUG Parametre:36 - NbEssais = 10
2019-03-09 17:38:22 DEBUG Parametre:36 - NbCouleursUtilisables = 6
2019-03-09 17:38:22 DEBUG Parametre:36 - ModeDeveloppeur = 1
2019-03-09 17:41:25 INFO  Main:14 - Démarrage du jeu
2019-03-09 17:41:25 DEBUG Parametre:36 - NbPionsCombinaison = 4
2019-03-09 17:41:25 DEBUG Parametre:36 - NbEssais = 10
2019-03-09 17:41:25 DEBUG Parametre:36 - NbCouleursUtilisables = 6
2019-03-09 17:41:25 DEBUG Parametre:36 - ModeDeveloppeur = 1
2019-03-09 17:45:00 INFO  Main:14 - Démarrage du jeu
2019-03-09 17:45:00 DEBUG Parametre:36 - NbPionsCombinaison = 4
2019-03-09 17:45:00 DEBUG Parametre:36 - NbEssais = 2
2019-03-09 17:45:00 DEBUG Parametre:36 - NbCouleursUtilisables = 6
2019-03-09 17:45:00 DEBUG Parametre:36 - ModeDeveloppeur = 1
2019-03-09 17:47:40 INFO  Main:14 - Démarrage du jeu
2019-03-09 17:47:40 DEBUG Parametre:36 - NbPionsCombinaison = 4
2019-03-09 17:47:40 DEBUG Parametre:36 - NbEssais = 2
2019-03-09 17:47:40 DEBUG Parametre:36 - NbCouleursUtilisables = 6
2019-03-09 17:47:40 DEBUG Parametre:36 - ModeDeveloppeur = 1
2019-03-09 17:48:58 INFO  Main:14 - Démarrage du jeu
2019-03-09 17:48:58 DEBUG Parametre:36 - NbPionsCombinaison = 4
2019-03-09 17:48:58 DEBUG Parametre:36 - NbEssais = 2
2019-03-09 17:48:58 DEBUG Parametre:36 - NbCouleursUtilisables = 6
2019-03-09 17:48:58 DEBUG Parametre:36 - ModeDeveloppeur = 1
2019-03-09 17:54:56 INFO  Main:14 - Démarrage du jeu
2019-03-09 17:54:56 DEBUG Parametre:36 - NbPionsCombinaison = 4
2019-03-09 17:54:56 DEBUG Parametre:36 - NbEssais = 2
2019-03-09 17:54:56 DEBUG Parametre:36 - NbCouleursUtilisables = 6
2019-03-09 17:54:56 DEBUG Parametre:36 - ModeDeveloppeur = 1
2019-03-09 17:59:15 INFO  Main:14 - Démarrage du jeu
2019-03-09 17:59:15 DEBUG Parametre:36 - NbPionsCombinaison = 4
2019-03-09 17:59:15 DEBUG Parametre:36 - NbEssais = 2
2019-03-09 17:59:15 DEBUG Parametre:36 - NbCouleursUtilisables = 6
2019-03-09 17:59:15 DEBUG Parametre:36 - ModeDeveloppeur = 1
2019-03-09 17:59:37 INFO  Main:14 - Démarrage du jeu
2019-03-09 17:59:37 DEBUG Parametre:36 - NbPionsCombinaison = 4
2019-03-09 17:59:37 DEBUG Parametre:36 - NbEssais = 10
2019-03-09 17:59:37 DEBUG Parametre:36 - NbCouleursUtilisables = 6
2019-03-09 17:59:37 DEBUG Parametre:36 - ModeDeveloppeur = 1
